09:47:20.193 [background-preinit] INFO  o.h.v.i.util.Version - [<clinit>,21] - HV000001: Hibernate Validator 8.0.0.Final
09:47:20.423 [main] INFO  c.a.n.c.u.ParamUtil - [<clinit>,87] - [settings] [req-serv] nacos-server port:8848
09:47:20.423 [main] INFO  c.a.n.c.u.ParamUtil - [<clinit>,98] - [settings] [http-client] connect timeout:1000
09:47:20.424 [main] INFO  c.a.n.c.u.ParamUtil - [<clinit>,105] - PER_TASK_CONFIG_SIZE: 3000.0
09:47:20.452 [main] INFO  c.a.n.p.a.s.c.ClientAuthPluginManager - [init,56] - [ClientAuthPluginManager] Load ClientAuthService com.alibaba.nacos.client.auth.impl.NacosClientAuthServiceImpl success.
09:47:20.452 [main] INFO  c.a.n.p.a.s.c.ClientAuthPluginManager - [init,56] - [ClientAuthPluginManager] Load ClientAuthService com.alibaba.nacos.client.auth.ram.RamClientAuthServiceImpl success.
09:47:20.455 [main] INFO  c.a.n.c.a.r.i.CredentialWatcher - [loadCredential,165] - null No credential found
09:47:21.772 [main] INFO  c.a.n.c.c.i.LocalConfigInfoProcessor - [<clinit>,63] - LOCAL_SNAPSHOT_PATH:C:\Users\Dell\nacos\config
09:47:21.775 [main] INFO  c.a.n.c.r.client - [lambda$createClient$0,108] - [RpcClientFactory] create a new rpc client of bf91fb99-7a27-42fb-bc3e-59a312b845f1_config-0
09:47:21.789 [main] INFO  c.a.n.c.r.client - [printIfInfoEnabled,63] - [bf91fb99-7a27-42fb-bc3e-59a312b845f1_config-0] Register server push request handler:com.alibaba.nacos.client.config.impl.ClientWorker$ConfigRpcTransportClient$$Lambda$585/0x0000000800f6eb58
09:47:21.789 [main] INFO  c.a.n.c.r.client - [printIfInfoEnabled,63] - [bf91fb99-7a27-42fb-bc3e-59a312b845f1_config-0] Register server push request handler:com.alibaba.nacos.client.config.impl.ClientWorker$ConfigRpcTransportClient$$Lambda$586/0x0000000800f6ef78
09:47:21.789 [main] INFO  c.a.n.c.r.client - [printIfInfoEnabled,63] - [bf91fb99-7a27-42fb-bc3e-59a312b845f1_config-0] Registry connection listener to current client:com.alibaba.nacos.client.config.impl.ClientWorker$ConfigRpcTransportClient$1
09:47:21.789 [main] INFO  c.a.n.c.r.client - [printIfInfoEnabled,63] - [bf91fb99-7a27-42fb-bc3e-59a312b845f1_config-0] RpcClient init, ServerListFactory = com.alibaba.nacos.client.config.impl.ClientWorker$ConfigRpcTransportClient$2
09:47:21.795 [main] INFO  c.a.n.c.r.client - [printIfInfoEnabled,63] - [bf91fb99-7a27-42fb-bc3e-59a312b845f1_config-0] Try to connect to server on start up, server: {serverIp = '192.168.75.132', server main port = 8848}
09:47:21.823 [main] INFO  c.a.n.c.r.c.g.GrpcClient - [createNewManagedChannel,182] - grpc client connection server:192.168.75.132 ip,serverPort:9848,grpcTslConfig:{"sslProvider":"OPENSSL","enableTls":false,"mutualAuthEnable":false,"trustAll":false}
09:47:24.472 [main] INFO  c.a.n.c.r.client - [printIfInfoEnabled,63] - [bf91fb99-7a27-42fb-bc3e-59a312b845f1_config-0] Try to connect to server on start up, server: {serverIp = '192.168.75.132', server main port = 8848}
09:47:24.473 [main] INFO  c.a.n.c.r.c.g.GrpcClient - [createNewManagedChannel,182] - grpc client connection server:192.168.75.132 ip,serverPort:9848,grpcTslConfig:{"sslProvider":"OPENSSL","enableTls":false,"mutualAuthEnable":false,"trustAll":false}
09:47:26.481 [main] INFO  c.a.n.c.r.client - [printIfInfoEnabled,63] - [bf91fb99-7a27-42fb-bc3e-59a312b845f1_config-0] Try to connect to server on start up, server: {serverIp = '192.168.75.132', server main port = 8848}
09:47:26.481 [main] INFO  c.a.n.c.r.c.g.GrpcClient - [createNewManagedChannel,182] - grpc client connection server:192.168.75.132 ip,serverPort:9848,grpcTslConfig:{"sslProvider":"OPENSSL","enableTls":false,"mutualAuthEnable":false,"trustAll":false}
09:47:28.490 [com.alibaba.nacos.client.remote.worker] INFO  c.a.n.c.r.client - [printIfInfoEnabled,63] - [bf91fb99-7a27-42fb-bc3e-59a312b845f1_config-0] Try to reconnect to a new server, server is  not appointed, will choose a random server.
09:47:28.491 [main] INFO  c.a.n.c.r.client - [printIfInfoEnabled,63] - [bf91fb99-7a27-42fb-bc3e-59a312b845f1_config-0] Register server push request handler:com.alibaba.nacos.common.remote.client.RpcClient$ConnectResetRequestHandler
09:47:28.491 [com.alibaba.nacos.client.remote.worker] INFO  c.a.n.c.r.c.g.GrpcClient - [createNewManagedChannel,182] - grpc client connection server:192.168.75.132 ip,serverPort:9848,grpcTslConfig:{"sslProvider":"OPENSSL","enableTls":false,"mutualAuthEnable":false,"trustAll":false}
09:47:28.491 [main] INFO  c.a.n.c.r.client - [printIfInfoEnabled,63] - [bf91fb99-7a27-42fb-bc3e-59a312b845f1_config-0] Register server push request handler:com.alibaba.nacos.common.remote.client.RpcClient$$Lambda$605/0x00000008010a66a8
09:47:28.522 [main] INFO  c.a.n.c.c.i.Limiter - [<clinit>,62] - limitTime:5.0
09:47:29.745 [main] INFO  w.y.s.a.SpzxAuthApplication - [logStartupProfileInfo,638] - The following 1 profile is active: "dev"
09:47:30.600 [com.alibaba.nacos.client.remote.worker] INFO  c.a.n.c.r.c.g.GrpcClient - [createNewManagedChannel,182] - grpc client connection server:192.168.75.132 ip,serverPort:9848,grpcTslConfig:{"sslProvider":"OPENSSL","enableTls":false,"mutualAuthEnable":false,"trustAll":false}
09:51:35.926 [background-preinit] INFO  o.h.v.i.util.Version - [<clinit>,21] - HV000001: Hibernate Validator 8.0.0.Final
09:51:36.144 [main] INFO  c.a.n.c.u.ParamUtil - [<clinit>,87] - [settings] [req-serv] nacos-server port:8848
09:51:36.145 [main] INFO  c.a.n.c.u.ParamUtil - [<clinit>,98] - [settings] [http-client] connect timeout:1000
09:51:36.145 [main] INFO  c.a.n.c.u.ParamUtil - [<clinit>,105] - PER_TASK_CONFIG_SIZE: 3000.0
09:51:36.175 [main] INFO  c.a.n.p.a.s.c.ClientAuthPluginManager - [init,56] - [ClientAuthPluginManager] Load ClientAuthService com.alibaba.nacos.client.auth.impl.NacosClientAuthServiceImpl success.
09:51:36.175 [main] INFO  c.a.n.p.a.s.c.ClientAuthPluginManager - [init,56] - [ClientAuthPluginManager] Load ClientAuthService com.alibaba.nacos.client.auth.ram.RamClientAuthServiceImpl success.
09:51:36.178 [main] INFO  c.a.n.c.a.r.i.CredentialWatcher - [loadCredential,165] - null No credential found
09:51:37.478 [main] INFO  c.a.n.c.c.i.LocalConfigInfoProcessor - [<clinit>,63] - LOCAL_SNAPSHOT_PATH:C:\Users\Dell\nacos\config
09:51:37.481 [main] INFO  c.a.n.c.r.client - [lambda$createClient$0,108] - [RpcClientFactory] create a new rpc client of 0b9d40d7-1105-4e70-8aa1-c1888090abbc_config-0
09:51:37.497 [main] INFO  c.a.n.c.r.client - [printIfInfoEnabled,63] - [0b9d40d7-1105-4e70-8aa1-c1888090abbc_config-0] Register server push request handler:com.alibaba.nacos.client.config.impl.ClientWorker$ConfigRpcTransportClient$$Lambda$585/0x0000000800f801f8
09:51:37.498 [main] INFO  c.a.n.c.r.client - [printIfInfoEnabled,63] - [0b9d40d7-1105-4e70-8aa1-c1888090abbc_config-0] Register server push request handler:com.alibaba.nacos.client.config.impl.ClientWorker$ConfigRpcTransportClient$$Lambda$586/0x0000000800f80618
09:51:37.499 [main] INFO  c.a.n.c.r.client - [printIfInfoEnabled,63] - [0b9d40d7-1105-4e70-8aa1-c1888090abbc_config-0] Registry connection listener to current client:com.alibaba.nacos.client.config.impl.ClientWorker$ConfigRpcTransportClient$1
09:51:37.499 [main] INFO  c.a.n.c.r.client - [printIfInfoEnabled,63] - [0b9d40d7-1105-4e70-8aa1-c1888090abbc_config-0] RpcClient init, ServerListFactory = com.alibaba.nacos.client.config.impl.ClientWorker$ConfigRpcTransportClient$2
09:51:37.505 [main] INFO  c.a.n.c.r.client - [printIfInfoEnabled,63] - [0b9d40d7-1105-4e70-8aa1-c1888090abbc_config-0] Try to connect to server on start up, server: {serverIp = '192.168.75.132', server main port = 8848}
09:51:37.534 [main] INFO  c.a.n.c.r.c.g.GrpcClient - [createNewManagedChannel,182] - grpc client connection server:192.168.75.132 ip,serverPort:9848,grpcTslConfig:{"sslProvider":"OPENSSL","enableTls":false,"mutualAuthEnable":false,"trustAll":false}
09:51:40.192 [main] INFO  c.a.n.c.r.client - [printIfInfoEnabled,63] - [0b9d40d7-1105-4e70-8aa1-c1888090abbc_config-0] Try to connect to server on start up, server: {serverIp = '192.168.75.132', server main port = 8848}
09:51:40.192 [main] INFO  c.a.n.c.r.c.g.GrpcClient - [createNewManagedChannel,182] - grpc client connection server:192.168.75.132 ip,serverPort:9848,grpcTslConfig:{"sslProvider":"OPENSSL","enableTls":false,"mutualAuthEnable":false,"trustAll":false}
09:51:42.200 [main] INFO  c.a.n.c.r.client - [printIfInfoEnabled,63] - [0b9d40d7-1105-4e70-8aa1-c1888090abbc_config-0] Try to connect to server on start up, server: {serverIp = '192.168.75.132', server main port = 8848}
09:51:42.200 [main] INFO  c.a.n.c.r.c.g.GrpcClient - [createNewManagedChannel,182] - grpc client connection server:192.168.75.132 ip,serverPort:9848,grpcTslConfig:{"sslProvider":"OPENSSL","enableTls":false,"mutualAuthEnable":false,"trustAll":false}
09:51:44.213 [com.alibaba.nacos.client.remote.worker] INFO  c.a.n.c.r.client - [printIfInfoEnabled,63] - [0b9d40d7-1105-4e70-8aa1-c1888090abbc_config-0] Try to reconnect to a new server, server is  not appointed, will choose a random server.
09:51:44.214 [main] INFO  c.a.n.c.r.client - [printIfInfoEnabled,63] - [0b9d40d7-1105-4e70-8aa1-c1888090abbc_config-0] Register server push request handler:com.alibaba.nacos.common.remote.client.RpcClient$ConnectResetRequestHandler
09:51:44.214 [com.alibaba.nacos.client.remote.worker] INFO  c.a.n.c.r.c.g.GrpcClient - [createNewManagedChannel,182] - grpc client connection server:192.168.75.132 ip,serverPort:9848,grpcTslConfig:{"sslProvider":"OPENSSL","enableTls":false,"mutualAuthEnable":false,"trustAll":false}
09:51:44.214 [main] INFO  c.a.n.c.r.client - [printIfInfoEnabled,63] - [0b9d40d7-1105-4e70-8aa1-c1888090abbc_config-0] Register server push request handler:com.alibaba.nacos.common.remote.client.RpcClient$$Lambda$605/0x00000008010ac670
09:51:44.244 [main] INFO  c.a.n.c.c.i.Limiter - [<clinit>,62] - limitTime:5.0
09:51:45.478 [main] INFO  w.y.s.a.SpzxAuthApplication - [logStartupProfileInfo,638] - The following 1 profile is active: "dev"
09:51:46.329 [com.alibaba.nacos.client.remote.worker] INFO  c.a.n.c.r.c.g.GrpcClient - [createNewManagedChannel,182] - grpc client connection server:192.168.75.132 ip,serverPort:9848,grpcTslConfig:{"sslProvider":"OPENSSL","enableTls":false,"mutualAuthEnable":false,"trustAll":false}
10:01:50.132 [background-preinit] INFO  o.h.v.i.util.Version - [<clinit>,21] - HV000001: Hibernate Validator 8.0.0.Final
10:01:50.344 [main] INFO  c.a.n.c.u.ParamUtil - [<clinit>,87] - [settings] [req-serv] nacos-server port:8848
10:01:50.344 [main] INFO  c.a.n.c.u.ParamUtil - [<clinit>,98] - [settings] [http-client] connect timeout:1000
10:01:50.345 [main] INFO  c.a.n.c.u.ParamUtil - [<clinit>,105] - PER_TASK_CONFIG_SIZE: 3000.0
10:01:50.371 [main] INFO  c.a.n.p.a.s.c.ClientAuthPluginManager - [init,56] - [ClientAuthPluginManager] Load ClientAuthService com.alibaba.nacos.client.auth.impl.NacosClientAuthServiceImpl success.
10:01:50.371 [main] INFO  c.a.n.p.a.s.c.ClientAuthPluginManager - [init,56] - [ClientAuthPluginManager] Load ClientAuthService com.alibaba.nacos.client.auth.ram.RamClientAuthServiceImpl success.
10:01:50.374 [main] INFO  c.a.n.c.a.r.i.CredentialWatcher - [loadCredential,165] - null No credential found
10:01:51.682 [main] INFO  c.a.n.c.c.i.LocalConfigInfoProcessor - [<clinit>,63] - LOCAL_SNAPSHOT_PATH:C:\Users\Dell\nacos\config
10:01:51.685 [main] INFO  c.a.n.c.r.client - [lambda$createClient$0,108] - [RpcClientFactory] create a new rpc client of 6a9425d3-67c8-4f29-b3cf-c63a52645920_config-0
10:01:51.698 [main] INFO  c.a.n.c.r.client - [printIfInfoEnabled,63] - [6a9425d3-67c8-4f29-b3cf-c63a52645920_config-0] Register server push request handler:com.alibaba.nacos.client.config.impl.ClientWorker$ConfigRpcTransportClient$$Lambda$585/0x0000000800f6f000
10:01:51.699 [main] INFO  c.a.n.c.r.client - [printIfInfoEnabled,63] - [6a9425d3-67c8-4f29-b3cf-c63a52645920_config-0] Register server push request handler:com.alibaba.nacos.client.config.impl.ClientWorker$ConfigRpcTransportClient$$Lambda$586/0x0000000800f6f420
10:01:51.699 [main] INFO  c.a.n.c.r.client - [printIfInfoEnabled,63] - [6a9425d3-67c8-4f29-b3cf-c63a52645920_config-0] Registry connection listener to current client:com.alibaba.nacos.client.config.impl.ClientWorker$ConfigRpcTransportClient$1
10:01:51.699 [main] INFO  c.a.n.c.r.client - [printIfInfoEnabled,63] - [6a9425d3-67c8-4f29-b3cf-c63a52645920_config-0] RpcClient init, ServerListFactory = com.alibaba.nacos.client.config.impl.ClientWorker$ConfigRpcTransportClient$2
10:01:51.705 [main] INFO  c.a.n.c.r.client - [printIfInfoEnabled,63] - [6a9425d3-67c8-4f29-b3cf-c63a52645920_config-0] Try to connect to server on start up, server: {serverIp = '192.168.75.132', server main port = 8848}
10:01:51.733 [main] INFO  c.a.n.c.r.c.g.GrpcClient - [createNewManagedChannel,182] - grpc client connection server:192.168.75.132 ip,serverPort:9848,grpcTslConfig:{"sslProvider":"OPENSSL","enableTls":false,"mutualAuthEnable":false,"trustAll":false}
10:01:52.645 [main] INFO  c.a.n.c.r.client - [printIfInfoEnabled,63] - [6a9425d3-67c8-4f29-b3cf-c63a52645920_config-0] Success to connect to server [192.168.75.132:8848] on start up, connectionId = 1727056912264_192.168.75.1_52171
10:01:52.645 [com.alibaba.nacos.client.remote.worker] INFO  c.a.n.c.r.client - [printIfInfoEnabled,63] - [6a9425d3-67c8-4f29-b3cf-c63a52645920_config-0] Notify connected event to listeners.
10:01:52.645 [com.alibaba.nacos.client.remote.worker] INFO  c.a.n.c.c.i.ClientWorker - [onConnected,639] - [6a9425d3-67c8-4f29-b3cf-c63a52645920_config-0] Connected,notify listen context...
10:01:52.645 [main] INFO  c.a.n.c.r.client - [printIfInfoEnabled,63] - [6a9425d3-67c8-4f29-b3cf-c63a52645920_config-0] Register server push request handler:com.alibaba.nacos.common.remote.client.RpcClient$ConnectResetRequestHandler
10:01:52.646 [main] INFO  c.a.n.c.r.client - [printIfInfoEnabled,63] - [6a9425d3-67c8-4f29-b3cf-c63a52645920_config-0] Register server push request handler:com.alibaba.nacos.common.remote.client.RpcClient$$Lambda$606/0x00000008010d3c38
10:01:52.677 [main] INFO  c.a.n.c.c.i.Limiter - [<clinit>,62] - limitTime:5.0
10:01:52.738 [main] INFO  w.y.s.a.SpzxAuthApplication - [logStartupProfileInfo,638] - The following 1 profile is active: "dev"
11:04:26.051 [background-preinit] INFO  o.h.v.i.util.Version - [<clinit>,21] - HV000001: Hibernate Validator 8.0.0.Final
11:04:26.250 [main] INFO  c.a.n.c.u.ParamUtil - [<clinit>,87] - [settings] [req-serv] nacos-server port:8848
11:04:26.250 [main] INFO  c.a.n.c.u.ParamUtil - [<clinit>,98] - [settings] [http-client] connect timeout:1000
11:04:26.251 [main] INFO  c.a.n.c.u.ParamUtil - [<clinit>,105] - PER_TASK_CONFIG_SIZE: 3000.0
11:04:26.275 [main] INFO  c.a.n.p.a.s.c.ClientAuthPluginManager - [init,56] - [ClientAuthPluginManager] Load ClientAuthService com.alibaba.nacos.client.auth.impl.NacosClientAuthServiceImpl success.
11:04:26.275 [main] INFO  c.a.n.p.a.s.c.ClientAuthPluginManager - [init,56] - [ClientAuthPluginManager] Load ClientAuthService com.alibaba.nacos.client.auth.ram.RamClientAuthServiceImpl success.
11:04:26.277 [main] INFO  c.a.n.c.a.r.i.CredentialWatcher - [loadCredential,165] - null No credential found
11:04:27.556 [main] INFO  c.a.n.c.c.i.LocalConfigInfoProcessor - [<clinit>,63] - LOCAL_SNAPSHOT_PATH:C:\Users\Dell\nacos\config
11:04:27.558 [main] INFO  c.a.n.c.r.client - [lambda$createClient$0,108] - [RpcClientFactory] create a new rpc client of e2d8646b-a661-459d-8d43-52950bcec907_config-0
11:04:27.571 [main] INFO  c.a.n.c.r.client - [printIfInfoEnabled,63] - [e2d8646b-a661-459d-8d43-52950bcec907_config-0] Register server push request handler:com.alibaba.nacos.client.config.impl.ClientWorker$ConfigRpcTransportClient$$Lambda$585/0x0000000800f71060
11:04:27.572 [main] INFO  c.a.n.c.r.client - [printIfInfoEnabled,63] - [e2d8646b-a661-459d-8d43-52950bcec907_config-0] Register server push request handler:com.alibaba.nacos.client.config.impl.ClientWorker$ConfigRpcTransportClient$$Lambda$586/0x0000000800f71480
11:04:27.572 [main] INFO  c.a.n.c.r.client - [printIfInfoEnabled,63] - [e2d8646b-a661-459d-8d43-52950bcec907_config-0] Registry connection listener to current client:com.alibaba.nacos.client.config.impl.ClientWorker$ConfigRpcTransportClient$1
11:04:27.572 [main] INFO  c.a.n.c.r.client - [printIfInfoEnabled,63] - [e2d8646b-a661-459d-8d43-52950bcec907_config-0] RpcClient init, ServerListFactory = com.alibaba.nacos.client.config.impl.ClientWorker$ConfigRpcTransportClient$2
11:04:27.577 [main] INFO  c.a.n.c.r.client - [printIfInfoEnabled,63] - [e2d8646b-a661-459d-8d43-52950bcec907_config-0] Try to connect to server on start up, server: {serverIp = '192.168.75.132', server main port = 8848}
11:04:27.602 [main] INFO  c.a.n.c.r.c.g.GrpcClient - [createNewManagedChannel,182] - grpc client connection server:192.168.75.132 ip,serverPort:9848,grpcTslConfig:{"sslProvider":"OPENSSL","enableTls":false,"mutualAuthEnable":false,"trustAll":false}
11:04:28.386 [main] INFO  c.a.n.c.r.client - [printIfInfoEnabled,63] - [e2d8646b-a661-459d-8d43-52950bcec907_config-0] Success to connect to server [192.168.75.132:8848] on start up, connectionId = 1727060668064_192.168.75.1_52804
11:04:28.386 [com.alibaba.nacos.client.remote.worker] INFO  c.a.n.c.r.client - [printIfInfoEnabled,63] - [e2d8646b-a661-459d-8d43-52950bcec907_config-0] Notify connected event to listeners.
11:04:28.387 [com.alibaba.nacos.client.remote.worker] INFO  c.a.n.c.c.i.ClientWorker - [onConnected,639] - [e2d8646b-a661-459d-8d43-52950bcec907_config-0] Connected,notify listen context...
11:04:28.387 [main] INFO  c.a.n.c.r.client - [printIfInfoEnabled,63] - [e2d8646b-a661-459d-8d43-52950bcec907_config-0] Register server push request handler:com.alibaba.nacos.common.remote.client.RpcClient$ConnectResetRequestHandler
11:04:28.387 [main] INFO  c.a.n.c.r.client - [printIfInfoEnabled,63] - [e2d8646b-a661-459d-8d43-52950bcec907_config-0] Register server push request handler:com.alibaba.nacos.common.remote.client.RpcClient$$Lambda$606/0x00000008010fa780
11:04:28.423 [main] INFO  c.a.n.c.c.i.Limiter - [<clinit>,62] - limitTime:5.0
11:04:28.437 [main] INFO  c.a.n.c.c.u.JvmUtil - [<clinit>,54] - isMultiInstance:false
11:04:28.461 [main] INFO  w.y.s.a.SpzxAuthApplication - [logStartupProfileInfo,638] - The following 1 profile is active: "dev"
11:04:39.435 [background-preinit] INFO  o.h.v.i.util.Version - [<clinit>,21] - HV000001: Hibernate Validator 8.0.0.Final
11:04:39.629 [main] INFO  c.a.n.c.u.ParamUtil - [<clinit>,87] - [settings] [req-serv] nacos-server port:8848
11:04:39.629 [main] INFO  c.a.n.c.u.ParamUtil - [<clinit>,98] - [settings] [http-client] connect timeout:1000
11:04:39.630 [main] INFO  c.a.n.c.u.ParamUtil - [<clinit>,105] - PER_TASK_CONFIG_SIZE: 3000.0
11:04:39.652 [main] INFO  c.a.n.p.a.s.c.ClientAuthPluginManager - [init,56] - [ClientAuthPluginManager] Load ClientAuthService com.alibaba.nacos.client.auth.impl.NacosClientAuthServiceImpl success.
11:04:39.653 [main] INFO  c.a.n.p.a.s.c.ClientAuthPluginManager - [init,56] - [ClientAuthPluginManager] Load ClientAuthService com.alibaba.nacos.client.auth.ram.RamClientAuthServiceImpl success.
11:04:39.656 [main] INFO  c.a.n.c.a.r.i.CredentialWatcher - [loadCredential,165] - null No credential found
11:04:40.928 [main] INFO  c.a.n.c.c.i.LocalConfigInfoProcessor - [<clinit>,63] - LOCAL_SNAPSHOT_PATH:C:\Users\Dell\nacos\config
11:04:40.931 [main] INFO  c.a.n.c.r.client - [lambda$createClient$0,108] - [RpcClientFactory] create a new rpc client of 6119b0b8-1b8d-40ad-93c1-515532d0f439_config-0
11:04:40.943 [main] INFO  c.a.n.c.r.client - [printIfInfoEnabled,63] - [6119b0b8-1b8d-40ad-93c1-515532d0f439_config-0] Register server push request handler:com.alibaba.nacos.client.config.impl.ClientWorker$ConfigRpcTransportClient$$Lambda$585/0x0000000800f70460
11:04:40.944 [main] INFO  c.a.n.c.r.client - [printIfInfoEnabled,63] - [6119b0b8-1b8d-40ad-93c1-515532d0f439_config-0] Register server push request handler:com.alibaba.nacos.client.config.impl.ClientWorker$ConfigRpcTransportClient$$Lambda$586/0x0000000800f70880
11:04:40.944 [main] INFO  c.a.n.c.r.client - [printIfInfoEnabled,63] - [6119b0b8-1b8d-40ad-93c1-515532d0f439_config-0] Registry connection listener to current client:com.alibaba.nacos.client.config.impl.ClientWorker$ConfigRpcTransportClient$1
11:04:40.944 [main] INFO  c.a.n.c.r.client - [printIfInfoEnabled,63] - [6119b0b8-1b8d-40ad-93c1-515532d0f439_config-0] RpcClient init, ServerListFactory = com.alibaba.nacos.client.config.impl.ClientWorker$ConfigRpcTransportClient$2
11:04:40.949 [main] INFO  c.a.n.c.r.client - [printIfInfoEnabled,63] - [6119b0b8-1b8d-40ad-93c1-515532d0f439_config-0] Try to connect to server on start up, server: {serverIp = '192.168.75.132', server main port = 8848}
11:04:40.974 [main] INFO  c.a.n.c.r.c.g.GrpcClient - [createNewManagedChannel,182] - grpc client connection server:192.168.75.132 ip,serverPort:9848,grpcTslConfig:{"sslProvider":"OPENSSL","enableTls":false,"mutualAuthEnable":false,"trustAll":false}
11:04:41.761 [main] INFO  c.a.n.c.r.client - [printIfInfoEnabled,63] - [6119b0b8-1b8d-40ad-93c1-515532d0f439_config-0] Success to connect to server [192.168.75.132:8848] on start up, connectionId = 1727060681439_192.168.75.1_52828
11:04:41.761 [com.alibaba.nacos.client.remote.worker] INFO  c.a.n.c.r.client - [printIfInfoEnabled,63] - [6119b0b8-1b8d-40ad-93c1-515532d0f439_config-0] Notify connected event to listeners.
11:04:41.761 [com.alibaba.nacos.client.remote.worker] INFO  c.a.n.c.c.i.ClientWorker - [onConnected,639] - [6119b0b8-1b8d-40ad-93c1-515532d0f439_config-0] Connected,notify listen context...
11:04:41.761 [main] INFO  c.a.n.c.r.client - [printIfInfoEnabled,63] - [6119b0b8-1b8d-40ad-93c1-515532d0f439_config-0] Register server push request handler:com.alibaba.nacos.common.remote.client.RpcClient$ConnectResetRequestHandler
11:04:41.762 [main] INFO  c.a.n.c.r.client - [printIfInfoEnabled,63] - [6119b0b8-1b8d-40ad-93c1-515532d0f439_config-0] Register server push request handler:com.alibaba.nacos.common.remote.client.RpcClient$$Lambda$606/0x00000008010f9448
11:04:41.803 [main] INFO  c.a.n.c.c.i.Limiter - [<clinit>,62] - limitTime:5.0
11:04:41.816 [main] INFO  c.a.n.c.c.u.JvmUtil - [<clinit>,54] - isMultiInstance:false
11:04:41.840 [main] INFO  w.y.s.a.SpzxAuthApplication - [logStartupProfileInfo,638] - The following 1 profile is active: "dev"
11:12:04.134 [background-preinit] INFO  o.h.v.i.util.Version - [<clinit>,21] - HV000001: Hibernate Validator 8.0.0.Final
11:12:04.340 [main] INFO  c.a.n.c.u.ParamUtil - [<clinit>,87] - [settings] [req-serv] nacos-server port:8848
11:12:04.340 [main] INFO  c.a.n.c.u.ParamUtil - [<clinit>,98] - [settings] [http-client] connect timeout:1000
11:12:04.341 [main] INFO  c.a.n.c.u.ParamUtil - [<clinit>,105] - PER_TASK_CONFIG_SIZE: 3000.0
11:12:04.367 [main] INFO  c.a.n.p.a.s.c.ClientAuthPluginManager - [init,56] - [ClientAuthPluginManager] Load ClientAuthService com.alibaba.nacos.client.auth.impl.NacosClientAuthServiceImpl success.
11:12:04.367 [main] INFO  c.a.n.p.a.s.c.ClientAuthPluginManager - [init,56] - [ClientAuthPluginManager] Load ClientAuthService com.alibaba.nacos.client.auth.ram.RamClientAuthServiceImpl success.
11:12:04.370 [main] INFO  c.a.n.c.a.r.i.CredentialWatcher - [loadCredential,165] - null No credential found
11:12:05.654 [main] INFO  c.a.n.c.c.i.LocalConfigInfoProcessor - [<clinit>,63] - LOCAL_SNAPSHOT_PATH:C:\Users\Dell\nacos\config
11:12:05.657 [main] INFO  c.a.n.c.r.client - [lambda$createClient$0,108] - [RpcClientFactory] create a new rpc client of dc7c6170-f144-4b2a-9a7c-5ed2bc670f61_config-0
11:12:05.673 [main] INFO  c.a.n.c.r.client - [printIfInfoEnabled,63] - [dc7c6170-f144-4b2a-9a7c-5ed2bc670f61_config-0] Register server push request handler:com.alibaba.nacos.client.config.impl.ClientWorker$ConfigRpcTransportClient$$Lambda$585/0x0000000800f6f3b0
11:12:05.673 [main] INFO  c.a.n.c.r.client - [printIfInfoEnabled,63] - [dc7c6170-f144-4b2a-9a7c-5ed2bc670f61_config-0] Register server push request handler:com.alibaba.nacos.client.config.impl.ClientWorker$ConfigRpcTransportClient$$Lambda$586/0x0000000800f6f7d0
11:12:05.674 [main] INFO  c.a.n.c.r.client - [printIfInfoEnabled,63] - [dc7c6170-f144-4b2a-9a7c-5ed2bc670f61_config-0] Registry connection listener to current client:com.alibaba.nacos.client.config.impl.ClientWorker$ConfigRpcTransportClient$1
11:12:05.674 [main] INFO  c.a.n.c.r.client - [printIfInfoEnabled,63] - [dc7c6170-f144-4b2a-9a7c-5ed2bc670f61_config-0] RpcClient init, ServerListFactory = com.alibaba.nacos.client.config.impl.ClientWorker$ConfigRpcTransportClient$2
11:12:05.680 [main] INFO  c.a.n.c.r.client - [printIfInfoEnabled,63] - [dc7c6170-f144-4b2a-9a7c-5ed2bc670f61_config-0] Try to connect to server on start up, server: {serverIp = '192.168.75.132', server main port = 8848}
11:12:05.707 [main] INFO  c.a.n.c.r.c.g.GrpcClient - [createNewManagedChannel,182] - grpc client connection server:192.168.75.132 ip,serverPort:9848,grpcTslConfig:{"sslProvider":"OPENSSL","enableTls":false,"mutualAuthEnable":false,"trustAll":false}
11:12:06.557 [main] INFO  c.a.n.c.r.client - [printIfInfoEnabled,63] - [dc7c6170-f144-4b2a-9a7c-5ed2bc670f61_config-0] Success to connect to server [192.168.75.132:8848] on start up, connectionId = 1727061126215_192.168.75.1_53034
11:12:06.557 [com.alibaba.nacos.client.remote.worker] INFO  c.a.n.c.r.client - [printIfInfoEnabled,63] - [dc7c6170-f144-4b2a-9a7c-5ed2bc670f61_config-0] Notify connected event to listeners.
11:12:06.558 [com.alibaba.nacos.client.remote.worker] INFO  c.a.n.c.c.i.ClientWorker - [onConnected,639] - [dc7c6170-f144-4b2a-9a7c-5ed2bc670f61_config-0] Connected,notify listen context...
11:12:06.558 [main] INFO  c.a.n.c.r.client - [printIfInfoEnabled,63] - [dc7c6170-f144-4b2a-9a7c-5ed2bc670f61_config-0] Register server push request handler:com.alibaba.nacos.common.remote.client.RpcClient$ConnectResetRequestHandler
11:12:06.558 [main] INFO  c.a.n.c.r.client - [printIfInfoEnabled,63] - [dc7c6170-f144-4b2a-9a7c-5ed2bc670f61_config-0] Register server push request handler:com.alibaba.nacos.common.remote.client.RpcClient$$Lambda$606/0x00000008010d3c38
11:12:06.592 [main] INFO  c.a.n.c.c.i.Limiter - [<clinit>,62] - limitTime:5.0
11:12:06.603 [main] INFO  c.a.n.c.c.u.JvmUtil - [<clinit>,54] - isMultiInstance:false
11:12:06.625 [main] INFO  w.y.s.a.SpzxAuthApplication - [logStartupProfileInfo,638] - The following 1 profile is active: "dev"
11:17:36.979 [background-preinit] INFO  o.h.v.i.util.Version - [<clinit>,21] - HV000001: Hibernate Validator 8.0.0.Final
11:20:46.586 [background-preinit] INFO  o.h.v.i.util.Version - [<clinit>,21] - HV000001: Hibernate Validator 8.0.0.Final
11:20:46.780 [main] INFO  c.a.n.c.u.ParamUtil - [<clinit>,87] - [settings] [req-serv] nacos-server port:8848
11:20:46.781 [main] INFO  c.a.n.c.u.ParamUtil - [<clinit>,98] - [settings] [http-client] connect timeout:1000
11:20:46.781 [main] INFO  c.a.n.c.u.ParamUtil - [<clinit>,105] - PER_TASK_CONFIG_SIZE: 3000.0
11:20:46.807 [main] INFO  c.a.n.p.a.s.c.ClientAuthPluginManager - [init,56] - [ClientAuthPluginManager] Load ClientAuthService com.alibaba.nacos.client.auth.impl.NacosClientAuthServiceImpl success.
11:20:46.807 [main] INFO  c.a.n.p.a.s.c.ClientAuthPluginManager - [init,56] - [ClientAuthPluginManager] Load ClientAuthService com.alibaba.nacos.client.auth.ram.RamClientAuthServiceImpl success.
11:20:46.809 [main] INFO  c.a.n.c.a.r.i.CredentialWatcher - [loadCredential,165] - null No credential found
11:20:48.091 [main] INFO  c.a.n.c.c.i.LocalConfigInfoProcessor - [<clinit>,63] - LOCAL_SNAPSHOT_PATH:C:\Users\Dell\nacos\config
11:20:48.094 [main] INFO  c.a.n.c.r.client - [lambda$createClient$0,108] - [RpcClientFactory] create a new rpc client of d1ca81f6-d949-4bba-98b6-dd97a538c0fa_config-0
11:20:48.106 [main] INFO  c.a.n.c.r.client - [printIfInfoEnabled,63] - [d1ca81f6-d949-4bba-98b6-dd97a538c0fa_config-0] Register server push request handler:com.alibaba.nacos.client.config.impl.ClientWorker$ConfigRpcTransportClient$$Lambda$585/0x0000000800f801f8
11:20:48.106 [main] INFO  c.a.n.c.r.client - [printIfInfoEnabled,63] - [d1ca81f6-d949-4bba-98b6-dd97a538c0fa_config-0] Register server push request handler:com.alibaba.nacos.client.config.impl.ClientWorker$ConfigRpcTransportClient$$Lambda$586/0x0000000800f80618
11:20:48.107 [main] INFO  c.a.n.c.r.client - [printIfInfoEnabled,63] - [d1ca81f6-d949-4bba-98b6-dd97a538c0fa_config-0] Registry connection listener to current client:com.alibaba.nacos.client.config.impl.ClientWorker$ConfigRpcTransportClient$1
11:20:48.107 [main] INFO  c.a.n.c.r.client - [printIfInfoEnabled,63] - [d1ca81f6-d949-4bba-98b6-dd97a538c0fa_config-0] RpcClient init, ServerListFactory = com.alibaba.nacos.client.config.impl.ClientWorker$ConfigRpcTransportClient$2
11:20:48.112 [main] INFO  c.a.n.c.r.client - [printIfInfoEnabled,63] - [d1ca81f6-d949-4bba-98b6-dd97a538c0fa_config-0] Try to connect to server on start up, server: {serverIp = '192.168.75.132', server main port = 8848}
11:20:48.139 [main] INFO  c.a.n.c.r.c.g.GrpcClient - [createNewManagedChannel,182] - grpc client connection server:192.168.75.132 ip,serverPort:9848,grpcTslConfig:{"sslProvider":"OPENSSL","enableTls":false,"mutualAuthEnable":false,"trustAll":false}
11:20:48.893 [main] INFO  c.a.n.c.r.client - [printIfInfoEnabled,63] - [d1ca81f6-d949-4bba-98b6-dd97a538c0fa_config-0] Success to connect to server [192.168.75.132:8848] on start up, connectionId = 1727061648560_192.168.75.1_53211
11:20:48.893 [com.alibaba.nacos.client.remote.worker] INFO  c.a.n.c.r.client - [printIfInfoEnabled,63] - [d1ca81f6-d949-4bba-98b6-dd97a538c0fa_config-0] Notify connected event to listeners.
11:20:48.893 [com.alibaba.nacos.client.remote.worker] INFO  c.a.n.c.c.i.ClientWorker - [onConnected,639] - [d1ca81f6-d949-4bba-98b6-dd97a538c0fa_config-0] Connected,notify listen context...
11:20:48.894 [main] INFO  c.a.n.c.r.client - [printIfInfoEnabled,63] - [d1ca81f6-d949-4bba-98b6-dd97a538c0fa_config-0] Register server push request handler:com.alibaba.nacos.common.remote.client.RpcClient$ConnectResetRequestHandler
11:20:48.894 [main] INFO  c.a.n.c.r.client - [printIfInfoEnabled,63] - [d1ca81f6-d949-4bba-98b6-dd97a538c0fa_config-0] Register server push request handler:com.alibaba.nacos.common.remote.client.RpcClient$$Lambda$606/0x00000008010d5648
11:20:48.920 [main] INFO  c.a.n.c.c.i.Limiter - [<clinit>,62] - limitTime:5.0
11:20:48.931 [main] INFO  c.a.n.c.c.u.JvmUtil - [<clinit>,54] - isMultiInstance:false
11:20:48.955 [main] INFO  w.y.s.a.SpzxAuthApplication - [logStartupProfileInfo,638] - The following 1 profile is active: "dev"
11:23:53.007 [background-preinit] INFO  o.h.v.i.util.Version - [<clinit>,21] - HV000001: Hibernate Validator 8.0.0.Final
11:23:53.243 [main] INFO  c.a.n.c.u.ParamUtil - [<clinit>,87] - [settings] [req-serv] nacos-server port:8848
11:23:53.243 [main] INFO  c.a.n.c.u.ParamUtil - [<clinit>,98] - [settings] [http-client] connect timeout:1000
11:23:53.244 [main] INFO  c.a.n.c.u.ParamUtil - [<clinit>,105] - PER_TASK_CONFIG_SIZE: 3000.0
11:23:53.273 [main] INFO  c.a.n.p.a.s.c.ClientAuthPluginManager - [init,56] - [ClientAuthPluginManager] Load ClientAuthService com.alibaba.nacos.client.auth.impl.NacosClientAuthServiceImpl success.
11:23:53.274 [main] INFO  c.a.n.p.a.s.c.ClientAuthPluginManager - [init,56] - [ClientAuthPluginManager] Load ClientAuthService com.alibaba.nacos.client.auth.ram.RamClientAuthServiceImpl success.
11:23:53.277 [main] INFO  c.a.n.c.a.r.i.CredentialWatcher - [loadCredential,165] - null No credential found
11:23:54.572 [main] INFO  c.a.n.c.c.i.LocalConfigInfoProcessor - [<clinit>,63] - LOCAL_SNAPSHOT_PATH:C:\Users\Dell\nacos\config
11:23:54.576 [main] INFO  c.a.n.c.r.client - [lambda$createClient$0,108] - [RpcClientFactory] create a new rpc client of 6b0d5548-c962-49a7-a4e1-203babee982d_config-0
11:23:54.593 [main] INFO  c.a.n.c.r.client - [printIfInfoEnabled,63] - [6b0d5548-c962-49a7-a4e1-203babee982d_config-0] Register server push request handler:com.alibaba.nacos.client.config.impl.ClientWorker$ConfigRpcTransportClient$$Lambda$585/0x0000000800f801f8
11:23:54.594 [main] INFO  c.a.n.c.r.client - [printIfInfoEnabled,63] - [6b0d5548-c962-49a7-a4e1-203babee982d_config-0] Register server push request handler:com.alibaba.nacos.client.config.impl.ClientWorker$ConfigRpcTransportClient$$Lambda$586/0x0000000800f80618
11:23:54.594 [main] INFO  c.a.n.c.r.client - [printIfInfoEnabled,63] - [6b0d5548-c962-49a7-a4e1-203babee982d_config-0] Registry connection listener to current client:com.alibaba.nacos.client.config.impl.ClientWorker$ConfigRpcTransportClient$1
11:23:54.594 [main] INFO  c.a.n.c.r.client - [printIfInfoEnabled,63] - [6b0d5548-c962-49a7-a4e1-203babee982d_config-0] RpcClient init, ServerListFactory = com.alibaba.nacos.client.config.impl.ClientWorker$ConfigRpcTransportClient$2
11:23:54.601 [main] INFO  c.a.n.c.r.client - [printIfInfoEnabled,63] - [6b0d5548-c962-49a7-a4e1-203babee982d_config-0] Try to connect to server on start up, server: {serverIp = '192.168.75.132', server main port = 8848}
11:23:54.630 [main] INFO  c.a.n.c.r.c.g.GrpcClient - [createNewManagedChannel,182] - grpc client connection server:192.168.75.132 ip,serverPort:9848,grpcTslConfig:{"sslProvider":"OPENSSL","enableTls":false,"mutualAuthEnable":false,"trustAll":false}
11:23:55.465 [main] INFO  c.a.n.c.r.client - [printIfInfoEnabled,63] - [6b0d5548-c962-49a7-a4e1-203babee982d_config-0] Success to connect to server [192.168.75.132:8848] on start up, connectionId = 1727061835130_192.168.75.1_53292
11:23:55.465 [com.alibaba.nacos.client.remote.worker] INFO  c.a.n.c.r.client - [printIfInfoEnabled,63] - [6b0d5548-c962-49a7-a4e1-203babee982d_config-0] Notify connected event to listeners.
11:23:55.466 [com.alibaba.nacos.client.remote.worker] INFO  c.a.n.c.c.i.ClientWorker - [onConnected,639] - [6b0d5548-c962-49a7-a4e1-203babee982d_config-0] Connected,notify listen context...
11:23:55.466 [main] INFO  c.a.n.c.r.client - [printIfInfoEnabled,63] - [6b0d5548-c962-49a7-a4e1-203babee982d_config-0] Register server push request handler:com.alibaba.nacos.common.remote.client.RpcClient$ConnectResetRequestHandler
11:23:55.467 [main] INFO  c.a.n.c.r.client - [printIfInfoEnabled,63] - [6b0d5548-c962-49a7-a4e1-203babee982d_config-0] Register server push request handler:com.alibaba.nacos.common.remote.client.RpcClient$$Lambda$606/0x00000008010d51a0
11:23:55.498 [main] INFO  c.a.n.c.c.i.Limiter - [<clinit>,62] - limitTime:5.0
11:23:55.512 [main] INFO  c.a.n.c.c.u.JvmUtil - [<clinit>,54] - isMultiInstance:false
11:23:55.539 [main] INFO  w.y.s.a.SpzxAuthApplication - [logStartupProfileInfo,638] - The following 1 profile is active: "dev"
11:29:28.757 [background-preinit] INFO  o.h.v.i.util.Version - [<clinit>,21] - HV000001: Hibernate Validator 8.0.0.Final
11:29:28.959 [main] INFO  c.a.n.c.u.ParamUtil - [<clinit>,87] - [settings] [req-serv] nacos-server port:8848
11:29:28.959 [main] INFO  c.a.n.c.u.ParamUtil - [<clinit>,98] - [settings] [http-client] connect timeout:1000
11:29:28.960 [main] INFO  c.a.n.c.u.ParamUtil - [<clinit>,105] - PER_TASK_CONFIG_SIZE: 3000.0
11:29:28.986 [main] INFO  c.a.n.p.a.s.c.ClientAuthPluginManager - [init,56] - [ClientAuthPluginManager] Load ClientAuthService com.alibaba.nacos.client.auth.impl.NacosClientAuthServiceImpl success.
11:29:28.986 [main] INFO  c.a.n.p.a.s.c.ClientAuthPluginManager - [init,56] - [ClientAuthPluginManager] Load ClientAuthService com.alibaba.nacos.client.auth.ram.RamClientAuthServiceImpl success.
11:29:28.988 [main] INFO  c.a.n.c.a.r.i.CredentialWatcher - [loadCredential,165] - null No credential found
11:29:30.288 [main] INFO  c.a.n.c.c.i.LocalConfigInfoProcessor - [<clinit>,63] - LOCAL_SNAPSHOT_PATH:C:\Users\Dell\nacos\config
11:29:30.291 [main] INFO  c.a.n.c.r.client - [lambda$createClient$0,108] - [RpcClientFactory] create a new rpc client of 23000d32-9b0b-4ca7-9e1f-e8b54e85ff8e_config-0
11:29:30.307 [main] INFO  c.a.n.c.r.client - [printIfInfoEnabled,63] - [23000d32-9b0b-4ca7-9e1f-e8b54e85ff8e_config-0] Register server push request handler:com.alibaba.nacos.client.config.impl.ClientWorker$ConfigRpcTransportClient$$Lambda$585/0x0000000800f6f210
11:29:30.307 [main] INFO  c.a.n.c.r.client - [printIfInfoEnabled,63] - [23000d32-9b0b-4ca7-9e1f-e8b54e85ff8e_config-0] Register server push request handler:com.alibaba.nacos.client.config.impl.ClientWorker$ConfigRpcTransportClient$$Lambda$586/0x0000000800f6f630
11:29:30.308 [main] INFO  c.a.n.c.r.client - [printIfInfoEnabled,63] - [23000d32-9b0b-4ca7-9e1f-e8b54e85ff8e_config-0] Registry connection listener to current client:com.alibaba.nacos.client.config.impl.ClientWorker$ConfigRpcTransportClient$1
11:29:30.308 [main] INFO  c.a.n.c.r.client - [printIfInfoEnabled,63] - [23000d32-9b0b-4ca7-9e1f-e8b54e85ff8e_config-0] RpcClient init, ServerListFactory = com.alibaba.nacos.client.config.impl.ClientWorker$ConfigRpcTransportClient$2
11:29:30.313 [main] INFO  c.a.n.c.r.client - [printIfInfoEnabled,63] - [23000d32-9b0b-4ca7-9e1f-e8b54e85ff8e_config-0] Try to connect to server on start up, server: {serverIp = '192.168.75.132', server main port = 8848}
11:29:30.341 [main] INFO  c.a.n.c.r.c.g.GrpcClient - [createNewManagedChannel,182] - grpc client connection server:192.168.75.132 ip,serverPort:9848,grpcTslConfig:{"sslProvider":"OPENSSL","enableTls":false,"mutualAuthEnable":false,"trustAll":false}
11:29:31.163 [main] INFO  c.a.n.c.r.client - [printIfInfoEnabled,63] - [23000d32-9b0b-4ca7-9e1f-e8b54e85ff8e_config-0] Success to connect to server [192.168.75.132:8848] on start up, connectionId = 1727062170830_192.168.75.1_53367
11:29:31.163 [com.alibaba.nacos.client.remote.worker] INFO  c.a.n.c.r.client - [printIfInfoEnabled,63] - [23000d32-9b0b-4ca7-9e1f-e8b54e85ff8e_config-0] Notify connected event to listeners.
11:29:31.164 [com.alibaba.nacos.client.remote.worker] INFO  c.a.n.c.c.i.ClientWorker - [onConnected,639] - [23000d32-9b0b-4ca7-9e1f-e8b54e85ff8e_config-0] Connected,notify listen context...
11:29:31.164 [main] INFO  c.a.n.c.r.client - [printIfInfoEnabled,63] - [23000d32-9b0b-4ca7-9e1f-e8b54e85ff8e_config-0] Register server push request handler:com.alibaba.nacos.common.remote.client.RpcClient$ConnectResetRequestHandler
11:29:31.164 [main] INFO  c.a.n.c.r.client - [printIfInfoEnabled,63] - [23000d32-9b0b-4ca7-9e1f-e8b54e85ff8e_config-0] Register server push request handler:com.alibaba.nacos.common.remote.client.RpcClient$$Lambda$606/0x00000008010d3c38
11:29:31.196 [main] INFO  c.a.n.c.c.i.Limiter - [<clinit>,62] - limitTime:5.0
11:29:31.207 [main] INFO  c.a.n.c.c.u.JvmUtil - [<clinit>,54] - isMultiInstance:false
11:29:31.230 [main] INFO  w.y.s.a.SpzxAuthApplication - [logStartupProfileInfo,638] - The following 1 profile is active: "dev"
11:35:05.737 [background-preinit] INFO  o.h.v.i.util.Version - [<clinit>,21] - HV000001: Hibernate Validator 8.0.0.Final
11:35:05.949 [main] INFO  c.a.n.c.u.ParamUtil - [<clinit>,87] - [settings] [req-serv] nacos-server port:8848
11:35:05.949 [main] INFO  c.a.n.c.u.ParamUtil - [<clinit>,98] - [settings] [http-client] connect timeout:1000
11:35:05.950 [main] INFO  c.a.n.c.u.ParamUtil - [<clinit>,105] - PER_TASK_CONFIG_SIZE: 3000.0
11:35:05.977 [main] INFO  c.a.n.p.a.s.c.ClientAuthPluginManager - [init,56] - [ClientAuthPluginManager] Load ClientAuthService com.alibaba.nacos.client.auth.impl.NacosClientAuthServiceImpl success.
11:35:05.977 [main] INFO  c.a.n.p.a.s.c.ClientAuthPluginManager - [init,56] - [ClientAuthPluginManager] Load ClientAuthService com.alibaba.nacos.client.auth.ram.RamClientAuthServiceImpl success.
11:35:05.980 [main] INFO  c.a.n.c.a.r.i.CredentialWatcher - [loadCredential,165] - null No credential found
11:35:07.262 [main] INFO  c.a.n.c.c.i.LocalConfigInfoProcessor - [<clinit>,63] - LOCAL_SNAPSHOT_PATH:C:\Users\Dell\nacos\config
11:35:07.265 [main] INFO  c.a.n.c.r.client - [lambda$createClient$0,108] - [RpcClientFactory] create a new rpc client of 4b01b288-cf0b-490b-9fc4-1c27cd3653cc_config-0
11:35:07.280 [main] INFO  c.a.n.c.r.client - [printIfInfoEnabled,63] - [4b01b288-cf0b-490b-9fc4-1c27cd3653cc_config-0] Register server push request handler:com.alibaba.nacos.client.config.impl.ClientWorker$ConfigRpcTransportClient$$Lambda$585/0x0000000800f8f210
11:35:07.280 [main] INFO  c.a.n.c.r.client - [printIfInfoEnabled,63] - [4b01b288-cf0b-490b-9fc4-1c27cd3653cc_config-0] Register server push request handler:com.alibaba.nacos.client.config.impl.ClientWorker$ConfigRpcTransportClient$$Lambda$586/0x0000000800f8f630
11:35:07.280 [main] INFO  c.a.n.c.r.client - [printIfInfoEnabled,63] - [4b01b288-cf0b-490b-9fc4-1c27cd3653cc_config-0] Registry connection listener to current client:com.alibaba.nacos.client.config.impl.ClientWorker$ConfigRpcTransportClient$1
11:35:07.281 [main] INFO  c.a.n.c.r.client - [printIfInfoEnabled,63] - [4b01b288-cf0b-490b-9fc4-1c27cd3653cc_config-0] RpcClient init, ServerListFactory = com.alibaba.nacos.client.config.impl.ClientWorker$ConfigRpcTransportClient$2
11:35:07.286 [main] INFO  c.a.n.c.r.client - [printIfInfoEnabled,63] - [4b01b288-cf0b-490b-9fc4-1c27cd3653cc_config-0] Try to connect to server on start up, server: {serverIp = '192.168.75.132', server main port = 8848}
11:35:07.313 [main] INFO  c.a.n.c.r.c.g.GrpcClient - [createNewManagedChannel,182] - grpc client connection server:192.168.75.132 ip,serverPort:9848,grpcTslConfig:{"sslProvider":"OPENSSL","enableTls":false,"mutualAuthEnable":false,"trustAll":false}
11:35:08.126 [main] INFO  c.a.n.c.r.client - [printIfInfoEnabled,63] - [4b01b288-cf0b-490b-9fc4-1c27cd3653cc_config-0] Success to connect to server [192.168.75.132:8848] on start up, connectionId = 1727062507794_192.168.75.1_53457
11:35:08.126 [com.alibaba.nacos.client.remote.worker] INFO  c.a.n.c.r.client - [printIfInfoEnabled,63] - [4b01b288-cf0b-490b-9fc4-1c27cd3653cc_config-0] Notify connected event to listeners.
11:35:08.126 [com.alibaba.nacos.client.remote.worker] INFO  c.a.n.c.c.i.ClientWorker - [onConnected,639] - [4b01b288-cf0b-490b-9fc4-1c27cd3653cc_config-0] Connected,notify listen context...
11:35:08.127 [main] INFO  c.a.n.c.r.client - [printIfInfoEnabled,63] - [4b01b288-cf0b-490b-9fc4-1c27cd3653cc_config-0] Register server push request handler:com.alibaba.nacos.common.remote.client.RpcClient$ConnectResetRequestHandler
11:35:08.127 [main] INFO  c.a.n.c.r.client - [printIfInfoEnabled,63] - [4b01b288-cf0b-490b-9fc4-1c27cd3653cc_config-0] Register server push request handler:com.alibaba.nacos.common.remote.client.RpcClient$$Lambda$606/0x00000008010d3c38
11:35:08.161 [main] INFO  c.a.n.c.c.i.Limiter - [<clinit>,62] - limitTime:5.0
11:35:08.175 [main] INFO  c.a.n.c.c.u.JvmUtil - [<clinit>,54] - isMultiInstance:false
11:35:08.198 [main] INFO  w.y.s.a.SpzxAuthApplication - [logStartupProfileInfo,638] - The following 1 profile is active: "dev"
11:35:09.704 [main] INFO  o.a.c.h.Http11NioProtocol - [log,173] - Initializing ProtocolHandler ["http-nio-9200"]
11:35:09.705 [main] INFO  o.a.c.c.StandardService - [log,173] - Starting service [Tomcat]
11:35:09.705 [main] INFO  o.a.c.c.StandardEngine - [log,173] - Starting Servlet engine: [Apache Tomcat/10.1.7]
11:35:09.769 [main] INFO  o.a.c.c.C.[.[.[/] - [log,173] - Initializing Spring embedded WebApplicationContext
11:35:10.686 [main] INFO  c.a.c.s.SentinelWebMvcConfigurer - [addInterceptors,52] - [Sentinel Starter] register SentinelWebInterceptor with urlPatterns: [/**].
11:35:27.434 [main] INFO  o.a.c.h.Http11NioProtocol - [log,173] - Starting ProtocolHandler ["http-nio-9200"]
11:35:28.605 [main] INFO  c.a.n.client.naming - [initNamespaceForNaming,62] - initializer namespace from ans.namespace attribute : null
11:35:28.605 [main] INFO  c.a.n.client.naming - [lambda$initNamespaceForNaming$0,66] - initializer namespace from ALIBABA_ALIWARE_NAMESPACE attribute :null
11:35:28.606 [main] INFO  c.a.n.client.naming - [lambda$initNamespaceForNaming$1,73] - initializer namespace from namespace attribute :null
11:35:28.612 [main] INFO  c.a.n.p.a.s.c.ClientAuthPluginManager - [init,56] - [ClientAuthPluginManager] Load ClientAuthService com.alibaba.nacos.client.auth.impl.NacosClientAuthServiceImpl success.
11:35:28.612 [main] INFO  c.a.n.p.a.s.c.ClientAuthPluginManager - [init,56] - [ClientAuthPluginManager] Load ClientAuthService com.alibaba.nacos.client.auth.ram.RamClientAuthServiceImpl success.
11:35:28.615 [main] INFO  c.a.n.c.r.client - [lambda$createClient$0,108] - [RpcClientFactory] create a new rpc client of 4d8bc2bb-9eea-4819-aafc-296b12d286a9
11:35:28.616 [main] INFO  c.a.n.c.r.client - [printIfInfoEnabled,63] - [4d8bc2bb-9eea-4819-aafc-296b12d286a9] RpcClient init, ServerListFactory = com.alibaba.nacos.client.naming.core.ServerListManager
11:35:28.616 [main] INFO  c.a.n.c.r.client - [printIfInfoEnabled,63] - [4d8bc2bb-9eea-4819-aafc-296b12d286a9] Registry connection listener to current client:com.alibaba.nacos.client.naming.remote.gprc.redo.NamingGrpcRedoService
11:35:28.617 [main] INFO  c.a.n.c.r.client - [printIfInfoEnabled,63] - [4d8bc2bb-9eea-4819-aafc-296b12d286a9] Register server push request handler:com.alibaba.nacos.client.naming.remote.gprc.NamingPushRequestHandler
11:35:28.617 [main] INFO  c.a.n.c.r.client - [printIfInfoEnabled,63] - [4d8bc2bb-9eea-4819-aafc-296b12d286a9] Try to connect to server on start up, server: {serverIp = '192.168.75.132', server main port = 8848}
11:35:28.617 [main] INFO  c.a.n.c.r.c.g.GrpcClient - [createNewManagedChannel,182] - grpc client connection server:192.168.75.132 ip,serverPort:9848,grpcTslConfig:{"sslProvider":"OPENSSL","enableTls":false,"mutualAuthEnable":false,"trustAll":false}
11:35:28.726 [main] INFO  c.a.n.c.r.client - [printIfInfoEnabled,63] - [4d8bc2bb-9eea-4819-aafc-296b12d286a9] Success to connect to server [192.168.75.132:8848] on start up, connectionId = 1727062528464_192.168.75.1_53460
11:35:28.726 [main] INFO  c.a.n.c.r.client - [printIfInfoEnabled,63] - [4d8bc2bb-9eea-4819-aafc-296b12d286a9] Register server push request handler:com.alibaba.nacos.common.remote.client.RpcClient$ConnectResetRequestHandler
11:35:28.726 [com.alibaba.nacos.client.remote.worker] INFO  c.a.n.c.r.client - [printIfInfoEnabled,63] - [4d8bc2bb-9eea-4819-aafc-296b12d286a9] Notify connected event to listeners.
11:35:28.726 [main] INFO  c.a.n.c.r.client - [printIfInfoEnabled,63] - [4d8bc2bb-9eea-4819-aafc-296b12d286a9] Register server push request handler:com.alibaba.nacos.common.remote.client.RpcClient$$Lambda$606/0x00000008010d3c38
11:35:28.726 [com.alibaba.nacos.client.remote.worker] INFO  c.a.n.client.naming - [onConnected,78] - Grpc connection connect
11:35:28.727 [main] INFO  c.a.n.client.naming - [registerService,121] - [REGISTER-SERVICE] public registering service spzx-auth with instance Instance{instanceId='null', ip='192.168.75.1', port=9200, weight=1.0, healthy=true, enabled=true, ephemeral=true, clusterName='DEFAULT', serviceName='null', metadata={IPv6=[240e:46c:a401:f08:c8ea:cd19:56e9:19d4], preserved.register.source=SPRING_CLOUD}}
11:35:28.734 [main] INFO  c.a.c.n.r.NacosServiceRegistry - [register,76] - nacos registry, DEFAULT_GROUP spzx-auth 192.168.75.1:9200 register finished
11:35:29.904 [main] INFO  w.y.s.a.SpzxAuthApplication - [logStarted,57] - Started SpzxAuthApplication in 25.677 seconds (process running for 26.64)
11:35:29.911 [main] INFO  c.a.n.c.c.i.CacheData - [<clinit>,67] - nacos.cache.data.init.snapshot = true 
11:35:29.912 [main] INFO  c.a.n.c.c.i.ClientWorker - [addCacheDataIfAbsent,380] - [fixed-192.168.75.132_8848] [subscribe] spzx-auth.yml+DEFAULT_GROUP
11:35:29.917 [main] INFO  c.a.n.c.c.i.CacheData - [addListener,197] - [fixed-192.168.75.132_8848] [add-listener] ok, tenant=, dataId=spzx-auth.yml, group=DEFAULT_GROUP, cnt=1
11:35:29.917 [main] INFO  c.a.c.n.r.NacosContextRefresher - [registerNacosListener,129] - [Nacos Config] Listening config: dataId=spzx-auth.yml, group=DEFAULT_GROUP
11:35:29.917 [main] INFO  c.a.n.c.c.i.ClientWorker - [addCacheDataIfAbsent,380] - [fixed-192.168.75.132_8848] [subscribe] spzx-auth+DEFAULT_GROUP
11:35:29.918 [main] INFO  c.a.n.c.c.i.CacheData - [addListener,197] - [fixed-192.168.75.132_8848] [add-listener] ok, tenant=, dataId=spzx-auth, group=DEFAULT_GROUP, cnt=1
11:35:29.918 [main] INFO  c.a.c.n.r.NacosContextRefresher - [registerNacosListener,129] - [Nacos Config] Listening config: dataId=spzx-auth, group=DEFAULT_GROUP
11:35:29.918 [main] INFO  c.a.n.c.c.i.ClientWorker - [addCacheDataIfAbsent,380] - [fixed-192.168.75.132_8848] [subscribe] spzx-auth-dev.yml+DEFAULT_GROUP
11:35:29.919 [main] INFO  c.a.n.c.c.i.CacheData - [addListener,197] - [fixed-192.168.75.132_8848] [add-listener] ok, tenant=, dataId=spzx-auth-dev.yml, group=DEFAULT_GROUP, cnt=1
11:35:29.919 [main] INFO  c.a.c.n.r.NacosContextRefresher - [registerNacosListener,129] - [Nacos Config] Listening config: dataId=spzx-auth-dev.yml, group=DEFAULT_GROUP
11:35:30.261 [RMI TCP Connection(2)-192.168.20.41] INFO  o.a.c.c.C.[.[.[/] - [log,173] - Initializing Spring DispatcherServlet 'dispatcherServlet'
11:59:06.741 [SpringApplicationShutdownHook] INFO  c.a.c.n.r.NacosServiceRegistry - [deregister,95] - De-registering from Nacos Server now...
11:59:06.742 [SpringApplicationShutdownHook] INFO  c.a.n.client.naming - [deregisterService,217] - [DEREGISTER-SERVICE] public deregistering service spzx-auth with instance: Instance{instanceId='null', ip='192.168.75.1', port=9200, weight=1.0, healthy=true, enabled=true, ephemeral=true, clusterName='DEFAULT', serviceName='null', metadata={}}
11:59:06.745 [SpringApplicationShutdownHook] INFO  c.a.c.n.r.NacosServiceRegistry - [deregister,115] - De-registration finished.
11:59:06.746 [SpringApplicationShutdownHook] INFO  c.a.n.client.naming - [shutdown,256] - com.alibaba.nacos.client.naming.cache.ServiceInfoHolder do shutdown begin
11:59:06.746 [SpringApplicationShutdownHook] INFO  c.a.n.client.naming - [shutdown,136] - com.alibaba.nacos.client.naming.backups.FailoverReactor do shutdown begin
11:59:06.747 [SpringApplicationShutdownHook] INFO  c.a.n.client.naming - [shutdown,138] - com.alibaba.nacos.client.naming.backups.FailoverReactor do shutdown stop
11:59:06.747 [SpringApplicationShutdownHook] INFO  c.a.n.client.naming - [shutdown,258] - com.alibaba.nacos.client.naming.cache.ServiceInfoHolder do shutdown stop
11:59:06.747 [SpringApplicationShutdownHook] INFO  c.a.n.client.naming - [shutdown,204] - com.alibaba.nacos.client.naming.remote.NamingClientProxyDelegate do shutdown begin
11:59:06.747 [SpringApplicationShutdownHook] INFO  c.a.n.client.naming - [shutdown,143] - com.alibaba.nacos.client.naming.core.ServiceInfoUpdateService do shutdown begin
11:59:06.747 [SpringApplicationShutdownHook] INFO  c.a.n.client.naming - [shutdown,145] - com.alibaba.nacos.client.naming.core.ServiceInfoUpdateService do shutdown stop
11:59:06.747 [SpringApplicationShutdownHook] INFO  c.a.n.client.naming - [shutdown,194] - com.alibaba.nacos.client.naming.core.ServerListManager do shutdown begin
11:59:06.747 [SpringApplicationShutdownHook] INFO  c.a.n.client.naming - [shutdown,199] - com.alibaba.nacos.client.naming.core.ServerListManager do shutdown stop
11:59:06.747 [SpringApplicationShutdownHook] INFO  c.a.n.client.naming - [shutdown,484] - com.alibaba.nacos.client.naming.remote.http.NamingHttpClientProxy do shutdown begin
11:59:06.748 [SpringApplicationShutdownHook] INFO  c.a.n.client.naming - [shutdown,486] - com.alibaba.nacos.client.naming.remote.http.NamingHttpClientProxy do shutdown stop
11:59:06.748 [SpringApplicationShutdownHook] INFO  c.a.n.c.r.client - [shutdown,429] - Shutdown rpc client, set status to shutdown
11:59:06.748 [SpringApplicationShutdownHook] INFO  c.a.n.c.r.client - [shutdown,431] - Shutdown client event executor java.util.concurrent.ScheduledThreadPoolExecutor@7c55e943[Running, pool size = 2, active threads = 2, queued tasks = 0, completed tasks = 0]
11:59:06.748 [SpringApplicationShutdownHook] INFO  c.a.n.c.r.client - [closeConnection,584] - Close current connection 1727062528464_192.168.75.1_53460
11:59:06.750 [nacos-grpc-client-executor-192.168.75.132-301] INFO  c.a.n.c.r.c.g.GrpcClient - [printIfInfoEnabled,63] - [1727062528464_192.168.75.1_53460]Ignore complete event,isRunning:false,isAbandon=false
11:59:06.752 [SpringApplicationShutdownHook] INFO  c.a.n.c.r.c.g.GrpcClient - [shutdown,159] - Shutdown grpc executor java.util.concurrent.ThreadPoolExecutor@7d3499fc[Running, pool size = 4, active threads = 0, queued tasks = 0, completed tasks = 302]
11:59:06.752 [SpringApplicationShutdownHook] INFO  c.a.n.client.naming - [shutdown,318] - Shutdown grpc redo service executor java.util.concurrent.ScheduledThreadPoolExecutor@49fe4584[Running, pool size = 1, active threads = 0, queued tasks = 1, completed tasks = 472]
11:59:06.753 [SpringApplicationShutdownHook] INFO  c.a.n.c.a.r.i.CredentialWatcher - [stop,106] - [null] CredentialWatcher is stopped
11:59:06.753 [SpringApplicationShutdownHook] INFO  c.a.n.c.a.r.i.CredentialService - [free,100] - [null] CredentialService is freed
11:59:06.753 [SpringApplicationShutdownHook] INFO  c.a.n.client.naming - [shutdown,211] - com.alibaba.nacos.client.naming.remote.NamingClientProxyDelegate do shutdown stop
