[34m2024-10-03 01:56:38.931[0;39m [34mINFO [0;39m [35m[SpringApplicationShutdownHook][0;39m [36mc.a.c.n.r.NacosServiceRegistry - [deregister:95][0;39m - De-registering from Nacos Server now...
[34m2024-10-03 01:56:38.936[0;39m [34mINFO [0;39m [35m[SpringApplicationShutdownHook][0;39m [36mcom.alibaba.nacos.client.naming - [deregisterService:217][0;39m - [DEREGISTER-SERVICE] public deregistering service spzx-file with instance: Instance{instanceId='null', ip='192.168.75.1', port=9300, weight=1.0, healthy=true, enabled=true, ephemeral=true, clusterName='DEFAULT', serviceName='null', metadata={}}
[34m2024-10-03 01:56:38.943[0;39m [34mINFO [0;39m [35m[SpringApplicationShutdownHook][0;39m [36mc.a.c.n.r.NacosServiceRegistry - [deregister:115][0;39m - De-registration finished.
[34m2024-10-03 01:56:38.945[0;39m [34mINFO [0;39m [35m[SpringApplicationShutdownHook][0;39m [36mcom.alibaba.nacos.client.naming - [shutdown:256][0;39m - com.alibaba.nacos.client.naming.cache.ServiceInfoHolder do shutdown begin
[34m2024-10-03 01:56:38.946[0;39m [34mINFO [0;39m [35m[SpringApplicationShutdownHook][0;39m [36mcom.alibaba.nacos.client.naming - [shutdown:136][0;39m - com.alibaba.nacos.client.naming.backups.FailoverReactor do shutdown begin
[34m2024-10-03 01:56:38.946[0;39m [34mINFO [0;39m [35m[SpringApplicationShutdownHook][0;39m [36mcom.alibaba.nacos.client.naming - [shutdown:138][0;39m - com.alibaba.nacos.client.naming.backups.FailoverReactor do shutdown stop
[34m2024-10-03 01:56:38.946[0;39m [34mINFO [0;39m [35m[SpringApplicationShutdownHook][0;39m [36mcom.alibaba.nacos.client.naming - [shutdown:258][0;39m - com.alibaba.nacos.client.naming.cache.ServiceInfoHolder do shutdown stop
[34m2024-10-03 01:56:38.946[0;39m [34mINFO [0;39m [35m[SpringApplicationShutdownHook][0;39m [36mcom.alibaba.nacos.client.naming - [shutdown:204][0;39m - com.alibaba.nacos.client.naming.remote.NamingClientProxyDelegate do shutdown begin
[34m2024-10-03 01:56:38.946[0;39m [34mINFO [0;39m [35m[SpringApplicationShutdownHook][0;39m [36mcom.alibaba.nacos.client.naming - [shutdown:143][0;39m - com.alibaba.nacos.client.naming.core.ServiceInfoUpdateService do shutdown begin
[34m2024-10-03 01:56:38.947[0;39m [34mINFO [0;39m [35m[SpringApplicationShutdownHook][0;39m [36mcom.alibaba.nacos.client.naming - [shutdown:145][0;39m - com.alibaba.nacos.client.naming.core.ServiceInfoUpdateService do shutdown stop
[34m2024-10-03 01:56:38.947[0;39m [34mINFO [0;39m [35m[SpringApplicationShutdownHook][0;39m [36mcom.alibaba.nacos.client.naming - [shutdown:194][0;39m - com.alibaba.nacos.client.naming.core.ServerListManager do shutdown begin
[34m2024-10-03 01:56:38.947[0;39m [34mINFO [0;39m [35m[SpringApplicationShutdownHook][0;39m [36mcom.alibaba.nacos.client.naming - [shutdown:199][0;39m - com.alibaba.nacos.client.naming.core.ServerListManager do shutdown stop
[34m2024-10-03 01:56:38.947[0;39m [34mINFO [0;39m [35m[SpringApplicationShutdownHook][0;39m [36mcom.alibaba.nacos.client.naming - [shutdown:484][0;39m - com.alibaba.nacos.client.naming.remote.http.NamingHttpClientProxy do shutdown begin
[34m2024-10-03 01:56:38.948[0;39m [34mINFO [0;39m [35m[SpringApplicationShutdownHook][0;39m [36mcom.alibaba.nacos.client.naming - [shutdown:486][0;39m - com.alibaba.nacos.client.naming.remote.http.NamingHttpClientProxy do shutdown stop
[34m2024-10-03 01:56:38.948[0;39m [34mINFO [0;39m [35m[SpringApplicationShutdownHook][0;39m [36mc.alibaba.nacos.common.remote.client - [shutdown:429][0;39m - Shutdown rpc client, set status to shutdown
[34m2024-10-03 01:56:38.948[0;39m [34mINFO [0;39m [35m[SpringApplicationShutdownHook][0;39m [36mc.alibaba.nacos.common.remote.client - [shutdown:431][0;39m - Shutdown client event executor java.util.concurrent.ScheduledThreadPoolExecutor@55ebf35a[Running, pool size = 2, active threads = 2, queued tasks = 0, completed tasks = 0]
[34m2024-10-03 01:56:38.949[0;39m [34mINFO [0;39m [35m[SpringApplicationShutdownHook][0;39m [36mc.alibaba.nacos.common.remote.client - [closeConnection:584][0;39m - Close current connection 1727876386243_192.168.75.1_62713
[34m2024-10-03 01:56:38.953[0;39m [34mINFO [0;39m [35m[nacos-grpc-client-executor-192.168.75.132-3114][0;39m [36mc.a.n.c.r.client.grpc.GrpcClient - [printIfInfoEnabled:63][0;39m - [1727876386243_192.168.75.1_62713]Ignore complete event,isRunning:false,isAbandon=false
[34m2024-10-03 01:56:38.958[0;39m [34mINFO [0;39m [35m[SpringApplicationShutdownHook][0;39m [36mc.a.n.c.r.client.grpc.GrpcClient - [shutdown:159][0;39m - Shutdown grpc executor java.util.concurrent.ThreadPoolExecutor@421903e9[Running, pool size = 4, active threads = 0, queued tasks = 0, completed tasks = 3115]
[34m2024-10-03 01:56:38.958[0;39m [34mINFO [0;39m [35m[SpringApplicationShutdownHook][0;39m [36mcom.alibaba.nacos.client.naming - [shutdown:318][0;39m - Shutdown grpc redo service executor java.util.concurrent.ScheduledThreadPoolExecutor@42e5980f[Running, pool size = 1, active threads = 0, queued tasks = 1, completed tasks = 5134]
[34m2024-10-03 01:56:38.959[0;39m [34mINFO [0;39m [35m[SpringApplicationShutdownHook][0;39m [36mc.a.n.c.a.r.i.CredentialWatcher - [stop:106][0;39m - [null] CredentialWatcher is stopped
[34m2024-10-03 01:56:38.959[0;39m [34mINFO [0;39m [35m[SpringApplicationShutdownHook][0;39m [36mc.a.n.c.a.r.i.CredentialService - [free:100][0;39m - [null] CredentialService is freed
[34m2024-10-03 01:56:38.959[0;39m [34mINFO [0;39m [35m[SpringApplicationShutdownHook][0;39m [36mcom.alibaba.nacos.client.naming - [shutdown:211][0;39m - com.alibaba.nacos.client.naming.remote.NamingClientProxyDelegate do shutdown stop
